<?xml version="1.0" encoding="UTF-8"?>
<testng-results skipped="0" failed="0" ignored="0" total="5" passed="5">
  <reporter-output>
  </reporter-output>
  <suite name="Default suite" duration-ms="5747" started-at="2020-04-08T15:01:08 EDT" finished-at="2020-04-08T15:01:14 EDT">
    <groups>
    </groups>
    <test name="Default test" duration-ms="5747" started-at="2020-04-08T15:01:08 EDT" finished-at="2020-04-08T15:01:14 EDT">
      <class name="com.qa.rest.testcases.TC_05_Delete_Employee_Record">
        <test-method status="PASS" signature="getallemployees()[pri:0, instance:com.qa.rest.testcases.TC_05_Delete_Employee_Record@1f36e637]" name="getallemployees" is-config="true" duration-ms="5621" started-at="2020-04-08T15:01:08 EDT" finished-at="2020-04-08T15:01:14 EDT">
          <reporter-output>
          </reporter-output>
        </test-method> <!-- getallemployees -->
        <test-method status="PASS" signature="checkResponseBody()[pri:1, instance:com.qa.rest.testcases.TC_05_Delete_Employee_Record@1f36e637]" name="checkResponseBody" duration-ms="12" started-at="2020-04-08T15:01:14 EDT" finished-at="2020-04-08T15:01:14 EDT">
          <reporter-output>
          </reporter-output>
        </test-method> <!-- checkResponseBody -->
        <test-method status="PASS" signature="checkStatusCode()[pri:2, instance:com.qa.rest.testcases.TC_05_Delete_Employee_Record@1f36e637]" name="checkStatusCode" duration-ms="9" started-at="2020-04-08T15:01:14 EDT" finished-at="2020-04-08T15:01:14 EDT">
          <reporter-output>
          </reporter-output>
        </test-method> <!-- checkStatusCode -->
        <test-method status="PASS" signature="checkStatusTime()[pri:3, instance:com.qa.rest.testcases.TC_05_Delete_Employee_Record@1f36e637]" name="checkStatusTime" duration-ms="3" started-at="2020-04-08T15:01:14 EDT" finished-at="2020-04-08T15:01:14 EDT">
          <reporter-output>
          </reporter-output>
        </test-method> <!-- checkStatusTime -->
        <test-method status="PASS" signature="checkStatusLine()[pri:4, instance:com.qa.rest.testcases.TC_05_Delete_Employee_Record@1f36e637]" name="checkStatusLine" duration-ms="6" started-at="2020-04-08T15:01:14 EDT" finished-at="2020-04-08T15:01:14 EDT">
          <reporter-output>
          </reporter-output>
        </test-method> <!-- checkStatusLine -->
        <test-method status="PASS" signature="checkheaders()[pri:5, instance:com.qa.rest.testcases.TC_05_Delete_Employee_Record@1f36e637]" name="checkheaders" duration-ms="9" started-at="2020-04-08T15:01:14 EDT" finished-at="2020-04-08T15:01:14 EDT">
          <reporter-output>
          </reporter-output>
        </test-method> <!-- checkheaders -->
      </class> <!-- com.qa.rest.testcases.TC_05_Delete_Employee_Record -->
    </test> <!-- Default test -->
  </suite> <!-- Default suite -->
</testng-results>
